Arguments: 
  /Users/vkvk/bin/node /Users/vkvk/.yarn/bin/yarn.js add react-dist

PATH: 
  /Users/vkvk/.yarn/bin:/Users/vkvk/.config/yarn/global/node_modules/.bin:/usr/local/bin:/usr/local/bin:/usr/bin:/bin:/usr/sbin:/sbin:/usr/local/go/bin:/Users/vkvk/bin:/Users/vkvk/dev/go/bin:/Users/vkvk/Library/Python/2.7/bin

Yarn version: 
  1.15.2

Node version: 
  11.10.1

Platform: 
  darwin x64

Trace: 
  Error: https://registry.yarnpkg.com/react-dist: Not found
      at Request.params.callback [as _callback] (/Users/vkvk/.yarn/lib/cli.js:66058:18)
      at Request.self.callback (/Users/vkvk/.yarn/lib/cli.js:129541:22)
      at Request.emit (events.js:197:13)
      at Request.<anonymous> (/Users/vkvk/.yarn/lib/cli.js:130513:10)
      at Request.emit (events.js:197:13)
      at IncomingMessage.<anonymous> (/Users/vkvk/.yarn/lib/cli.js:130435:12)
      at Object.onceWrapper (events.js:285:13)
      at IncomingMessage.emit (events.js:202:15)
      at endReadableNT (_stream_readable.js:1129:12)
      at processTicksAndRejections (internal/process/next_tick.js:76:17)

npm manifest: 
  {
    "dependencies": {
      "todomvc-app-css": "^2.2.0",
      "todomvc-common": "^1.0.5"
    }
  }

yarn manifest: 
  No manifest

Lockfile: 
  # THIS IS AN AUTOGENERATED FILE. DO NOT EDIT THIS FILE DIRECTLY.
  # yarn lockfile v1
  
  
  todomvc-app-css@^2.2.0:
    version "2.2.0"
    resolved "https://registry.yarnpkg.com/todomvc-app-css/-/todomvc-app-css-2.2.0.tgz#6f84b15d9d4e0cf186679489fb236050c822de11"
    integrity sha512-H03oc3QOxiGXv+MqnotcduZIwoGX8A8QbSx9J4U2Z5R96LrK+dvQmRDTgeCc0nlkPBhd3nUL4EbfS7l0TccM5g==
  
  todomvc-common@^1.0.5:
    version "1.0.5"
    resolved "https://registry.yarnpkg.com/todomvc-common/-/todomvc-common-1.0.5.tgz#8c3e799ac9f1fc1573e0c204f984510826914730"
    integrity sha512-D8kEJmxVMQIWwztEdH+WeiAfXRbbSCpgXq4NkYi+gduJ2tr8CNq7sYLfJvjpQ10KD9QxJwig57rvMbV2QAESwQ==
